c:\users\гоша\source\repos\finaldb\finaldb\x64\debug\vc143.pdb
c:\users\гоша\source\repos\finaldb\finaldb\x64\debug\vc143.idb
c:\users\гоша\source\repos\finaldb\finaldb\x64\debug\userinterface.obj
c:\users\гоша\source\repos\finaldb\finaldb\x64\debug\fineregistry.obj
c:\users\гоша\source\repos\finaldb\finaldb\x64\debug\citytable.obj
c:\users\гоша\source\repos\finaldb\finaldb\x64\debug\databasemanager.obj
c:\users\гоша\source\repos\finaldb\finaldb\x64\debug\tableformatter.obj
c:\users\гоша\source\repos\finaldb\finaldb\x64\debug\hashmapint.obj
c:\users\гоша\source\repos\finaldb\finaldb\x64\debug\finetable.obj
c:\users\гоша\source\repos\finaldb\finaldb\x64\debug\drivertable.obj
c:\users\гоша\source\repos\finaldb\finaldb\x64\debug\database.obj
c:\users\гоша\source\repos\finaldb\finaldb\x64\debug\finaldb.ilk
c:\users\гоша\source\repos\finaldb\x64\debug\finaldb.pdb
c:\users\гоша\source\repos\finaldb\finaldb\x64\debug\finaldb.tlog\cl.command.1.tlog
c:\users\гоша\source\repos\finaldb\finaldb\x64\debug\finaldb.tlog\cl.items.tlog
c:\users\гоша\source\repos\finaldb\finaldb\x64\debug\finaldb.tlog\cl.read.1.tlog
c:\users\гоша\source\repos\finaldb\finaldb\x64\debug\finaldb.tlog\cl.write.1.tlog
c:\users\гоша\source\repos\finaldb\finaldb\x64\debug\finaldb.tlog\link-cvtres.read.1.tlog
c:\users\гоша\source\repos\finaldb\finaldb\x64\debug\finaldb.tlog\link-cvtres.write.1.tlog
c:\users\гоша\source\repos\finaldb\finaldb\x64\debug\finaldb.tlog\link-rc.read.1.tlog
c:\users\гоша\source\repos\finaldb\finaldb\x64\debug\finaldb.tlog\link-rc.write.1.tlog
c:\users\гоша\source\repos\finaldb\finaldb\x64\debug\finaldb.tlog\link.1396-cvtres.read.1.tlog
c:\users\гоша\source\repos\finaldb\finaldb\x64\debug\finaldb.tlog\link.1396-cvtres.write.1.tlog
c:\users\гоша\source\repos\finaldb\finaldb\x64\debug\finaldb.tlog\link.1396-rc.read.1.tlog
c:\users\гоша\source\repos\finaldb\finaldb\x64\debug\finaldb.tlog\link.1396-rc.write.1.tlog
c:\users\гоша\source\repos\finaldb\finaldb\x64\debug\finaldb.tlog\link.1396.read.1.tlog
c:\users\гоша\source\repos\finaldb\finaldb\x64\debug\finaldb.tlog\link.1396.read.2.tlog
c:\users\гоша\source\repos\finaldb\finaldb\x64\debug\finaldb.tlog\link.1396.read.3.tlog
c:\users\гоша\source\repos\finaldb\finaldb\x64\debug\finaldb.tlog\link.1396.read.4.tlog
c:\users\гоша\source\repos\finaldb\finaldb\x64\debug\finaldb.tlog\link.1396.write.1.tlog
c:\users\гоша\source\repos\finaldb\finaldb\x64\debug\finaldb.tlog\link.command.1.tlog
c:\users\гоша\source\repos\finaldb\finaldb\x64\debug\finaldb.tlog\link.read.1.tlog
c:\users\гоша\source\repos\finaldb\finaldb\x64\debug\finaldb.tlog\link.read.2.tlog
c:\users\гоша\source\repos\finaldb\finaldb\x64\debug\finaldb.tlog\link.read.3.tlog
c:\users\гоша\source\repos\finaldb\finaldb\x64\debug\finaldb.tlog\link.read.4.tlog
c:\users\гоша\source\repos\finaldb\finaldb\x64\debug\finaldb.tlog\link.read.5.tlog
c:\users\гоша\source\repos\finaldb\finaldb\x64\debug\finaldb.tlog\link.secondary.1.tlog
c:\users\гоша\source\repos\finaldb\finaldb\x64\debug\finaldb.tlog\link.write.1.tlog
